# JRE version: Java(TM) SE Runtime Environment (8.0_251-b08) (build 1.8.0_251-b08)
# Java VM: Java HotSpot(TM) 64-Bit Server VM (25.251-b08 mixed mode windows-amd64 compressed oops)
Heap:
 PSYoungGen      total 142336K, used 53182K [0x00000000d6200000, 0x00000000e7800000, 0x0000000100000000)
  eden space 131072K, 40% used [0x00000000d6200000,0x00000000d95ef950,0x00000000de200000)
  from space 11264K, 0% used [0x00000000de200000,0x00000000de200000,0x00000000ded00000)
  to   space 11264K, 0% used [0x00000000e6d00000,0x00000000e6d00000,0x00000000e7800000)
 ParOldGen       total 84992K, used 17743K [0x0000000082600000, 0x0000000087900000, 0x00000000d6200000)
  object space 84992K, 20% used [0x0000000082600000,0x0000000083753cb0,0x0000000087900000)
 Metaspace       used 21485K, capacity 22062K, committed 22320K, reserved 1069056K
  class space    used 2545K, capacity 2683K, committed 2688K, reserved 1048576K
GC Heap History (10 events):
Event: 1.788 GC heap before
{Heap before GC invocations=4 (full 0):
 PSYoungGen      total 37888K, used 37856K [0x00000000d6200000, 0x00000000dac00000, 0x0000000100000000)
  eden space 32768K, 100% used [0x00000000d6200000,0x00000000d8200000,0x00000000d8200000)
  from space 5120K, 99% used [0x00000000d8200000,0x00000000d86f8040,0x00000000d8700000)
  to   space 5120K, 0% used [0x00000000da700000,0x00000000da700000,0x00000000dac00000)
 ParOldGen       total 86016K, used 6472K [0x0000000082600000, 0x0000000087a00000, 0x00000000d6200000)
  object space 86016K, 7% used [0x0000000082600000,0x0000000082c52278,0x0000000087a00000)
 Metaspace       used 14659K, capacity 14930K, committed 15232K, reserved 1062912K
  class space    used 1790K, capacity 1885K, committed 1920K, reserved 1048576K
Event: 1.798 GC heap after
Heap after GC invocations=4 (full 0):
 PSYoungGen      total 70656K, used 5104K [0x00000000d6200000, 0x00000000dac00000, 0x0000000100000000)
  eden space 65536K, 0% used [0x00000000d6200000,0x00000000d6200000,0x00000000da200000)
  from space 5120K, 99% used [0x00000000da700000,0x00000000dabfc010,0x00000000dac00000)
  to   space 5120K, 0% used [0x00000000da200000,0x00000000da200000,0x00000000da700000)
 ParOldGen       total 86016K, used 9300K [0x0000000082600000, 0x0000000087a00000, 0x00000000d6200000)
  object space 86016K, 10% used [0x0000000082600000,0x0000000082f152a8,0x0000000087a00000)
 Metaspace       used 14659K, capacity 14930K, committed 15232K, reserved 1062912K
  class space    used 1790K, capacity 1885K, committed 1920K, reserved 1048576K
}
Event: 2.587 GC heap before
{Heap before GC invocations=5 (full 0):
 PSYoungGen      total 70656K, used 70640K [0x00000000d6200000, 0x00000000dac00000, 0x0000000100000000)
  eden space 65536K, 100% used [0x00000000d6200000,0x00000000da200000,0x00000000da200000)
  from space 5120K, 99% used [0x00000000da700000,0x00000000dabfc010,0x00000000dac00000)
  to   space 5120K, 0% used [0x00000000da200000,0x00000000da200000,0x00000000da700000)
 ParOldGen       total 86016K, used 9300K [0x0000000082600000, 0x0000000087a00000, 0x00000000d6200000)
  object space 86016K, 10% used [0x0000000082600000,0x0000000082f152a8,0x0000000087a00000)
 Metaspace       used 15543K, capacity 15824K, committed 16128K, reserved 1062912K
  class space    used 1841K, capacity 1922K, committed 2048K, reserved 1048576K
Event: 2.595 GC heap after
Heap after GC invocations=5 (full 0):
 PSYoungGen      total 70656K, used 5088K [0x00000000d6200000, 0x00000000df900000, 0x0000000100000000)
  eden space 65536K, 0% used [0x00000000d6200000,0x00000000d6200000,0x00000000da200000)
  from space 5120K, 99% used [0x00000000da200000,0x00000000da6f8020,0x00000000da700000)
  to   space 11776K, 0% used [0x00000000ded80000,0x00000000ded80000,0x00000000df900000)
 ParOldGen       total 86016K, used 14310K [0x0000000082600000, 0x0000000087a00000, 0x00000000d6200000)
  object space 86016K, 16% used [0x0000000082600000,0x00000000833f9948,0x0000000087a00000)
 Metaspace       used 15543K, capacity 15824K, committed 16128K, reserved 1062912K
  class space    used 1841K, capacity 1922K, committed 2048K, reserved 1048576K
}
Event: 2.863 GC heap before
{Heap before GC invocations=6 (full 0):
 PSYoungGen      total 70656K, used 66996K [0x00000000d6200000, 0x00000000df900000, 0x0000000100000000)
  eden space 65536K, 94% used [0x00000000d6200000,0x00000000d9e752f0,0x00000000da200000)
  from space 5120K, 99% used [0x00000000da200000,0x00000000da6f8020,0x00000000da700000)
  to   space 11776K, 0% used [0x00000000ded80000,0x00000000ded80000,0x00000000df900000)
 ParOldGen       total 86016K, used 14310K [0x0000000082600000, 0x0000000087a00000, 0x00000000d6200000)
  object space 86016K, 16% used [0x0000000082600000,0x00000000833f9948,0x0000000087a00000)
 Metaspace       used 16734K, capacity 17160K, committed 17280K, reserved 1064960K
  class space    used 1967K, capacity 2090K, committed 2176K, reserved 1048576K
Event: 2.885 GC heap after
Heap after GC invocations=6 (full 0):
 PSYoungGen      total 141824K, used 7475K [0x00000000d6200000, 0x00000000df800000, 0x0000000100000000)
  eden space 131072K, 0% used [0x00000000d6200000,0x00000000d6200000,0x00000000de200000)
  from space 10752K, 69% used [0x00000000ded80000,0x00000000df4ccf88,0x00000000df800000)
  to   space 11264K, 0% used [0x00000000de200000,0x00000000de200000,0x00000000ded00000)
 ParOldGen       total 86016K, used 45038K [0x0000000082600000, 0x0000000087a00000, 0x00000000d6200000)
  object space 86016K, 52% used [0x0000000082600000,0x00000000851fb978,0x0000000087a00000)
 Metaspace       used 16734K, capacity 17160K, committed 17280K, reserved 1064960K
  class space    used 1967K, capacity 2090K, committed 2176K, reserved 1048576K
}
Event: 3.443 GC heap before
{Heap before GC invocations=7 (full 0):
 PSYoungGen      total 141824K, used 61863K [0x00000000d6200000, 0x00000000df800000, 0x0000000100000000)
  eden space 131072K, 41% used [0x00000000d6200000,0x00000000d971cd20,0x00000000de200000)
  from space 10752K, 69% used [0x00000000ded80000,0x00000000df4ccf88,0x00000000df800000)
  to   space 11264K, 0% used [0x00000000de200000,0x00000000de200000,0x00000000ded00000)
 ParOldGen       total 86016K, used 45038K [0x0000000082600000, 0x0000000087a00000, 0x00000000d6200000)
  object space 86016K, 52% used [0x0000000082600000,0x00000000851fb978,0x0000000087a00000)
 Metaspace       used 20635K, capacity 21166K, committed 21296K, reserved 1069056K
  class space    used 2465K, capacity 2619K, committed 2688K, reserved 1048576K
Event: 3.453 GC heap after
Heap after GC invocations=7 (full 0):
 PSYoungGen      total 142336K, used 7939K [0x00000000d6200000, 0x00000000e7800000, 0x0000000100000000)
  eden space 131072K, 0% used [0x00000000d6200000,0x00000000d6200000,0x00000000de200000)
  from space 11264K, 70% used [0x00000000de200000,0x00000000de9c0f70,0x00000000ded00000)
  to   space 11264K, 0% used [0x00000000e6d00000,0x00000000e6d00000,0x00000000e7800000)
 ParOldGen       total 86016K, used 47016K [0x0000000082600000, 0x0000000087a00000, 0x00000000d6200000)
  object space 86016K, 54% used [0x0000000082600000,0x00000000853ea208,0x0000000087a00000)
 Metaspace       used 20635K, capacity 21166K, committed 21296K, reserved 1069056K
  class space    used 2465K, capacity 2619K, committed 2688K, reserved 1048576K
}
Event: 3.453 GC heap before
{Heap before GC invocations=8 (full 1):
 PSYoungGen      total 142336K, used 7939K [0x00000000d6200000, 0x00000000e7800000, 0x0000000100000000)
  eden space 131072K, 0% used [0x00000000d6200000,0x00000000d6200000,0x00000000de200000)
  from space 11264K, 70% used [0x00000000de200000,0x00000000de9c0f70,0x00000000ded00000)
  to   space 11264K, 0% used [0x00000000e6d00000,0x00000000e6d00000,0x00000000e7800000)
 ParOldGen       total 86016K, used 47016K [0x0000000082600000, 0x0000000087a00000, 0x00000000d6200000)
  object space 86016K, 54% used [0x0000000082600000,0x00000000853ea208,0x0000000087a00000)
 Metaspace       used 20635K, capacity 21166K, committed 21296K, reserved 1069056K
  class space    used 2465K, capacity 2619K, committed 2688K, reserved 1048576K
Event: 3.519 GC heap after
Heap after GC invocations=8 (full 1):
 PSYoungGen      total 142336K, used 0K [0x00000000d6200000, 0x00000000e7800000, 0x0000000100000000)
  eden space 131072K, 0% used [0x00000000d6200000,0x00000000d6200000,0x00000000de200000)
  from space 11264K, 0% used [0x00000000de200000,0x00000000de200000,0x00000000ded00000)
  to   space 11264K, 0% used [0x00000000e6d00000,0x00000000e6d00000,0x00000000e7800000)
 ParOldGen       total 84992K, used 17743K [0x0000000082600000, 0x0000000087900000, 0x00000000d6200000)
  object space 84992K, 20% used [0x0000000082600000,0x0000000083753cb0,0x0000000087900000)
 Metaspace       used 20635K, capacity 21166K, committed 21296K, reserved 1069056K
  class space    used 2465K, capacity 2619K, committed 2688K, reserved 1048576K
}

