# JRE version: Java(TM) SE Runtime Environment (8.0_251-b08) (build 1.8.0_251-b08)
# Java VM: Java HotSpot(TM) 64-Bit Server VM (25.251-b08 mixed mode windows-amd64 compressed oops)
Heap:
 PSYoungGen      total 134144K, used 13211K [0x00000000d6200000, 0x00000000e2b00000, 0x0000000100000000)
  eden space 124416K, 2% used [0x00000000d6200000,0x00000000d656b108,0x00000000ddb80000)
  from space 9728K, 99% used [0x00000000ddb80000,0x00000000de4fbaf8,0x00000000de500000)
  to   space 14336K, 0% used [0x00000000e1d00000,0x00000000e1d00000,0x00000000e2b00000)
 ParOldGen       total 67072K, used 15760K [0x0000000082600000, 0x0000000086780000, 0x00000000d6200000)
  object space 67072K, 23% used [0x0000000082600000,0x00000000835643d8,0x0000000086780000)
 Metaspace       used 38913K, capacity 41536K, committed 41856K, reserved 1085440K
  class space    used 5253K, capacity 5670K, committed 5760K, reserved 1048576K
GC Heap History (10 events):
Event: 2.071 GC heap before
{Heap before GC invocations=7 (full 1):
 PSYoungGen      total 70656K, used 65536K [0x00000000d6200000, 0x00000000df400000, 0x0000000100000000)
  eden space 65536K, 100% used [0x00000000d6200000,0x00000000da200000,0x00000000da200000)
  from space 5120K, 0% used [0x00000000da200000,0x00000000da200000,0x00000000da700000)
  to   space 9216K, 0% used [0x00000000deb00000,0x00000000deb00000,0x00000000df400000)
 ParOldGen       total 45056K, used 5044K [0x0000000082600000, 0x0000000085200000, 0x00000000d6200000)
  object space 45056K, 11% used [0x0000000082600000,0x0000000082aed050,0x0000000085200000)
 Metaspace       used 21902K, capacity 22998K, committed 23296K, reserved 1069056K
  class space    used 2789K, capacity 2997K, committed 3072K, reserved 1048576K
Event: 2.073 GC heap after
Heap after GC invocations=7 (full 1):
 PSYoungGen      total 127488K, used 3475K [0x00000000d6200000, 0x00000000dee80000, 0x0000000100000000)
  eden space 123904K, 0% used [0x00000000d6200000,0x00000000d6200000,0x00000000ddb00000)
  from space 3584K, 96% used [0x00000000deb00000,0x00000000dee64fc0,0x00000000dee80000)
  to   space 9728K, 0% used [0x00000000ddb80000,0x00000000ddb80000,0x00000000de500000)
 ParOldGen       total 45056K, used 5052K [0x0000000082600000, 0x0000000085200000, 0x00000000d6200000)
  object space 45056K, 11% used [0x0000000082600000,0x0000000082aef050,0x0000000085200000)
 Metaspace       used 21902K, capacity 22998K, committed 23296K, reserved 1069056K
  class space    used 2789K, capacity 2997K, committed 3072K, reserved 1048576K
}
Event: 3.676 GC heap before
{Heap before GC invocations=8 (full 1):
 PSYoungGen      total 127488K, used 127379K [0x00000000d6200000, 0x00000000dee80000, 0x0000000100000000)
  eden space 123904K, 100% used [0x00000000d6200000,0x00000000ddb00000,0x00000000ddb00000)
  from space 3584K, 96% used [0x00000000deb00000,0x00000000dee64fc0,0x00000000dee80000)
  to   space 9728K, 0% used [0x00000000ddb80000,0x00000000ddb80000,0x00000000de500000)
 ParOldGen       total 45056K, used 5052K [0x0000000082600000, 0x0000000085200000, 0x00000000d6200000)
  object space 45056K, 11% used [0x0000000082600000,0x0000000082aef050,0x0000000085200000)
 Metaspace       used 29875K, capacity 31710K, committed 31872K, reserved 1077248K
  class space    used 3865K, capacity 4181K, committed 4224K, reserved 1048576K
Event: 3.689 GC heap after
Heap after GC invocations=8 (full 1):
 PSYoungGen      total 133632K, used 9722K [0x00000000d6200000, 0x00000000dee80000, 0x0000000100000000)
  eden space 123904K, 0% used [0x00000000d6200000,0x00000000d6200000,0x00000000ddb00000)
  from space 9728K, 99% used [0x00000000ddb80000,0x00000000de4feb88,0x00000000de500000)
  to   space 3584K, 0% used [0x00000000deb00000,0x00000000deb00000,0x00000000dee80000)
 ParOldGen       total 45056K, used 7902K [0x0000000082600000, 0x0000000085200000, 0x00000000d6200000)
  object space 45056K, 17% used [0x0000000082600000,0x0000000082db78c8,0x0000000085200000)
 Metaspace       used 29875K, capacity 31710K, committed 31872K, reserved 1077248K
  class space    used 3865K, capacity 4181K, committed 4224K, reserved 1048576K
}
Event: 4.206 GC heap before
{Heap before GC invocations=9 (full 1):
 PSYoungGen      total 133632K, used 63975K [0x00000000d6200000, 0x00000000dee80000, 0x0000000100000000)
  eden space 123904K, 43% used [0x00000000d6200000,0x00000000d96fb340,0x00000000ddb00000)
  from space 9728K, 99% used [0x00000000ddb80000,0x00000000de4feb88,0x00000000de500000)
  to   space 3584K, 0% used [0x00000000deb00000,0x00000000deb00000,0x00000000dee80000)
 ParOldGen       total 45056K, used 7902K [0x0000000082600000, 0x0000000085200000, 0x00000000d6200000)
  object space 45056K, 17% used [0x0000000082600000,0x0000000082db78c8,0x0000000085200000)
 Metaspace       used 33021K, capacity 35252K, committed 35416K, reserved 1079296K
  class space    used 4405K, capacity 4752K, committed 4864K, reserved 1048576K
Event: 4.258 GC heap after
Heap after GC invocations=9 (full 1):
 PSYoungGen      total 127488K, used 3552K [0x00000000d6200000, 0x00000000dee80000, 0x0000000100000000)
  eden space 123904K, 0% used [0x00000000d6200000,0x00000000d6200000,0x00000000ddb00000)
  from space 3584K, 99% used [0x00000000deb00000,0x00000000dee78010,0x00000000dee80000)
  to   space 9728K, 0% used [0x00000000ddb80000,0x00000000ddb80000,0x00000000de500000)
 ParOldGen       total 45056K, used 15223K [0x0000000082600000, 0x0000000085200000, 0x00000000d6200000)
  object space 45056K, 33% used [0x0000000082600000,0x00000000834ddd48,0x0000000085200000)
 Metaspace       used 33021K, capacity 35252K, committed 35416K, reserved 1079296K
  class space    used 4405K, capacity 4752K, committed 4864K, reserved 1048576K
}
Event: 4.258 GC heap before
{Heap before GC invocations=10 (full 2):
 PSYoungGen      total 127488K, used 3552K [0x00000000d6200000, 0x00000000dee80000, 0x0000000100000000)
  eden space 123904K, 0% used [0x00000000d6200000,0x00000000d6200000,0x00000000ddb00000)
  from space 3584K, 99% used [0x00000000deb00000,0x00000000dee78010,0x00000000dee80000)
  to   space 9728K, 0% used [0x00000000ddb80000,0x00000000ddb80000,0x00000000de500000)
 ParOldGen       total 45056K, used 15223K [0x0000000082600000, 0x0000000085200000, 0x00000000d6200000)
  object space 45056K, 33% used [0x0000000082600000,0x00000000834ddd48,0x0000000085200000)
 Metaspace       used 33021K, capacity 35252K, committed 35416K, reserved 1079296K
  class space    used 4405K, capacity 4752K, committed 4864K, reserved 1048576K
Event: 4.359 GC heap after
Heap after GC invocations=10 (full 2):
 PSYoungGen      total 127488K, used 0K [0x00000000d6200000, 0x00000000dee80000, 0x0000000100000000)
  eden space 123904K, 0% used [0x00000000d6200000,0x00000000d6200000,0x00000000ddb00000)
  from space 3584K, 0% used [0x00000000deb00000,0x00000000deb00000,0x00000000dee80000)
  to   space 9728K, 0% used [0x00000000ddb80000,0x00000000ddb80000,0x00000000de500000)
 ParOldGen       total 67072K, used 15292K [0x0000000082600000, 0x0000000086780000, 0x00000000d6200000)
  object space 67072K, 22% used [0x0000000082600000,0x00000000834ef1c0,0x0000000086780000)
 Metaspace       used 33021K, capacity 35252K, committed 35416K, reserved 1079296K
  class space    used 4405K, capacity 4752K, committed 4864K, reserved 1048576K
}
Event: 6.092 GC heap before
{Heap before GC invocations=11 (full 2):
 PSYoungGen      total 127488K, used 123904K [0x00000000d6200000, 0x00000000dee80000, 0x0000000100000000)
  eden space 123904K, 100% used [0x00000000d6200000,0x00000000ddb00000,0x00000000ddb00000)
  from space 3584K, 0% used [0x00000000deb00000,0x00000000deb00000,0x00000000dee80000)
  to   space 9728K, 0% used [0x00000000ddb80000,0x00000000ddb80000,0x00000000de500000)
 ParOldGen       total 67072K, used 15292K [0x0000000082600000, 0x0000000086780000, 0x00000000d6200000)
  object space 67072K, 22% used [0x0000000082600000,0x00000000834ef1c0,0x0000000086780000)
 Metaspace       used 38394K, capacity 41056K, committed 41344K, reserved 1085440K
  class space    used 5205K, capacity 5638K, committed 5760K, reserved 1048576K
Event: 6.104 GC heap after
Heap after GC invocations=11 (full 2):
 PSYoungGen      total 134144K, used 9710K [0x00000000d6200000, 0x00000000e2b00000, 0x0000000100000000)
  eden space 124416K, 0% used [0x00000000d6200000,0x00000000d6200000,0x00000000ddb80000)
  from space 9728K, 99% used [0x00000000ddb80000,0x00000000de4fbaf8,0x00000000de500000)
  to   space 14336K, 0% used [0x00000000e1d00000,0x00000000e1d00000,0x00000000e2b00000)
 ParOldGen       total 67072K, used 15760K [0x0000000082600000, 0x0000000086780000, 0x00000000d6200000)
  object space 67072K, 23% used [0x0000000082600000,0x00000000835643d8,0x0000000086780000)
 Metaspace       used 38394K, capacity 41056K, committed 41344K, reserved 1085440K
  class space    used 5205K, capacity 5638K, committed 5760K, reserved 1048576K
}

